1747601203: mosquitto version 2.0.18 starting
1747601203: Config loaded from /mosquitto/config/mosquitto.conf.
1747601203: Opening ipv4 listen socket on port 1883.
1747601203: Opening ipv6 listen socket on port 1883.
1747601203: Opening websockets listen socket on port 9001.
1747601203: mosquitto version 2.0.18 running
1747601281: mosquitto version 2.0.18 terminating
1747601281: Saving in-memory database to /mosquitto/data//mosquitto.db.
1747601307: mosquitto version 2.0.18 starting
1747601307: Config loaded from /mosquitto/config/mosquitto.conf.
1747601307: Opening ipv4 listen socket on port 1883.
1747601307: Opening ipv6 listen socket on port 1883.
1747601307: Opening websockets listen socket on port 9001.
1747601307: mosquitto version 2.0.18 running
1747601938: mosquitto version 2.0.18 terminating
1747601938: Saving in-memory database to /mosquitto/data//mosquitto.db.
1747601966: mosquitto version 2.0.18 starting
1747601966: Config loaded from /mosquitto/config/mosquitto.conf.
1747601966: Opening ipv4 listen socket on port 1883.
1747601966: Opening ipv6 listen socket on port 1883.
1747601966: Opening websockets listen socket on port 9001.
1747601966: mosquitto version 2.0.18 running
1747602004: mosquitto version 2.0.18 terminating
1747602004: Saving in-memory database to /mosquitto/data//mosquitto.db.
1747602043: mosquitto version 2.0.18 starting
1747602043: Config loaded from /mosquitto/config/mosquitto.conf.
1747602043: Opening ipv4 listen socket on port 1883.
1747602043: Opening ipv6 listen socket on port 1883.
1747602043: Opening websockets listen socket on port 9001.
1747602043: mosquitto version 2.0.18 running
1747602165: mosquitto version 2.0.18 terminating
1747602165: Saving in-memory database to /mosquitto/data//mosquitto.db.
1747602221: mosquitto version 2.0.18 starting
1747602221: Config loaded from /mosquitto/config/mosquitto.conf.
1747602221: Opening ipv4 listen socket on port 1883.
1747602221: Opening ipv6 listen socket on port 1883.
1747602221: Opening websockets listen socket on port 9001.
1747602221: mosquitto version 2.0.18 running
1747602264: mosquitto version 2.0.18 terminating
1747602264: Saving in-memory database to /mosquitto/data//mosquitto.db.
1747602291: mosquitto version 2.0.18 starting
1747602291: Config loaded from /mosquitto/config/mosquitto.conf.
1747602291: Opening ipv4 listen socket on port 1883.
1747602291: Opening ipv6 listen socket on port 1883.
1747602291: Opening websockets listen socket on port 9001.
1747602291: mosquitto version 2.0.18 running
1747602364: mosquitto version 2.0.18 terminating
1747602364: Saving in-memory database to /mosquitto/data//mosquitto.db.
1747602392: mosquitto version 2.0.18 starting
1747602392: Config loaded from /mosquitto/config/mosquitto.conf.
1747602392: Opening ipv4 listen socket on port 1883.
1747602392: Opening ipv6 listen socket on port 1883.
1747602392: Opening websockets listen socket on port 9001.
1747602392: mosquitto version 2.0.18 running
1747602526: mosquitto version 2.0.18 terminating
1747602526: Saving in-memory database to /mosquitto/data//mosquitto.db.
1747602695: mosquitto version 2.0.18 starting
1747602695: Config loaded from /mosquitto/config/mosquitto.conf.
1747602695: Opening ipv4 listen socket on port 1883.
1747602695: Opening ipv6 listen socket on port 1883.
1747602695: Opening websockets listen socket on port 9001.
1747602695: mosquitto version 2.0.18 running
1747602836: mosquitto version 2.0.18 terminating
1747602836: Saving in-memory database to /mosquitto/data//mosquitto.db.
1747602885: mosquitto version 2.0.18 starting
1747602885: Config loaded from /mosquitto/config/mosquitto.conf.
1747602885: Opening ipv4 listen socket on port 1883.
1747602885: Opening ipv6 listen socket on port 1883.
1747602885: Opening websockets listen socket on port 9001.
1747602885: mosquitto version 2.0.18 running
1747604686: Saving in-memory database to /mosquitto/data//mosquitto.db.
1747605179: mosquitto version 2.0.18 terminating
1747605179: Saving in-memory database to /mosquitto/data//mosquitto.db.
1747605191: mosquitto version 2.0.18 starting
1747605191: Config loaded from /mosquitto/config/mosquitto.conf.
1747605191: Opening ipv4 listen socket on port 1883.
1747605191: Opening ipv6 listen socket on port 1883.
1747605191: Opening websockets listen socket on port 9001.
1747605191: mosquitto version 2.0.18 running
1747605399: mosquitto version 2.0.18 terminating
1747605399: Saving in-memory database to /mosquitto/data//mosquitto.db.
1747605420: mosquitto version 2.0.18 starting
1747605420: Config loaded from /mosquitto/config/mosquitto.conf.
1747605420: Opening ipv4 listen socket on port 1883.
1747605420: Opening ipv6 listen socket on port 1883.
1747605420: Opening websockets listen socket on port 9001.
1747605420: mosquitto version 2.0.18 running
1747605423: New connection from 172.27.0.3:44767 on port 1883.
1747605423: New client connected from 172.27.0.3:44767 as backend-a62761e3 (p2, c1, k60).
1747605424: Client backend-a62761e3 closed its connection.
1747605427: New connection from 172.27.0.3:46555 on port 1883.
1747605427: New client connected from 172.27.0.3:46555 as backend-54cc0efe (p2, c1, k60).
1747605427: Client backend-54cc0efe closed its connection.
1747605432: New connection from 172.27.0.3:39827 on port 1883.
1747605432: New client connected from 172.27.0.3:39827 as backend-c1c38c72 (p2, c1, k60).
1747605433: Client backend-c1c38c72 closed its connection.
1747605436: New connection from 172.27.0.3:34215 on port 1883.
1747605436: New client connected from 172.27.0.3:34215 as backend-7a7b4e02 (p2, c1, k60).
1747605437: Client backend-7a7b4e02 closed its connection.
1747605441: New connection from 172.27.0.3:58427 on port 1883.
1747605441: New client connected from 172.27.0.3:58427 as backend-498b5aec (p2, c1, k60).
1747605441: Client backend-498b5aec closed its connection.
1747605445: New connection from 172.27.0.3:51129 on port 1883.
1747605445: New client connected from 172.27.0.3:51129 as backend-7910af4e (p2, c1, k60).
1747605446: Client backend-7910af4e closed its connection.
1747605451: New connection from 172.27.0.3:49333 on port 1883.
1747605451: New client connected from 172.27.0.3:49333 as backend-6a29f007 (p2, c1, k60).
1747605452: Client backend-6a29f007 closed its connection.
1747605461: New connection from 172.27.0.3:44271 on port 1883.
1747605461: New client connected from 172.27.0.3:44271 as backend-a0bb370a (p2, c1, k60).
1747605461: Client backend-a0bb370a closed its connection.
1747605476: New connection from 172.27.0.3:36531 on port 1883.
1747605476: New client connected from 172.27.0.3:36531 as backend-acbed0da (p2, c1, k60).
1747605477: Client backend-acbed0da closed its connection.
1747605505: New connection from 172.27.0.3:37615 on port 1883.
1747605505: New client connected from 172.27.0.3:37615 as backend-34dfdf27 (p2, c1, k60).
1747605505: Client backend-34dfdf27 closed its connection.
1747605552: mosquitto version 2.0.18 terminating
1747605552: Saving in-memory database to /mosquitto/data//mosquitto.db.
1747605557: mosquitto version 2.0.18 starting
1747605557: Config loaded from /mosquitto/config/mosquitto.conf.
1747605557: Opening ipv4 listen socket on port 1883.
1747605557: Opening ipv6 listen socket on port 1883.
1747605557: Opening websockets listen socket on port 9001.
1747605557: mosquitto version 2.0.18 running
1747605560: New connection from 172.28.0.4:42351 on port 1883.
1747605560: New client connected from 172.28.0.4:42351 as backend-3e87d87f (p2, c1, k60).
